\BOOKMARK [1][-]{section*.2}{Introduction}{}% 1
\BOOKMARK [0][-]{part.1}{I Web Processing Service}{}% 2
\BOOKMARK [1][-]{section.1}{Web Processing Service}{part.1}% 3
\BOOKMARK [2][-]{subsection.1.1}{History}{section.1}% 4
\BOOKMARK [2][-]{subsection.1.2}{Open Geospatial Consortium}{section.1}% 5
\BOOKMARK [2][-]{subsection.1.3}{Web Processing Service}{section.1}% 6
\BOOKMARK [3][-]{subsubsection.1.3.1}{GetCapabilities}{subsection.1.3}% 7
\BOOKMARK [3][-]{subsubsection.1.3.2}{DescribeProcess}{subsection.1.3}% 8
\BOOKMARK [3][-]{subsubsection.1.3.3}{Execute}{subsection.1.3}% 9
\BOOKMARK [1][-]{section.2}{WPS implementations}{part.1}% 10
\BOOKMARK [2][-]{subsection.2.1}{deegree}{section.2}% 11
\BOOKMARK [2][-]{subsection.2.2}{52North WPS}{section.2}% 12
\BOOKMARK [2][-]{subsection.2.3}{GeoServer}{section.2}% 13
\BOOKMARK [2][-]{subsection.2.4}{ZOO-Project}{section.2}% 14
\BOOKMARK [2][-]{subsection.2.5}{ArcGIS Server}{section.2}% 15
\BOOKMARK [2][-]{subsection.2.6}{PyWPS}{section.2}% 16
\BOOKMARK [0][-]{part.2}{II PyWPS}{}% 17
\BOOKMARK [1][-]{section.3}{PyWPS}{part.2}% 18
\BOOKMARK [2][-]{subsection.3.1}{History}{section.3}% 19
\BOOKMARK [2][-]{subsection.3.2}{PyWPS 4.0}{section.3}% 20
\BOOKMARK [2][-]{subsection.3.3}{PyWPS-demo}{section.3}% 21
\BOOKMARK [1][-]{section.4}{Process isolation in PyWPS}{part.2}% 22
\BOOKMARK [2][-]{subsection.4.1}{Asynchonous requests}{section.4}% 23
\BOOKMARK [2][-]{subsection.4.2}{Current state}{section.4}% 24
\BOOKMARK [2][-]{subsection.4.3}{Possible solutions for process isolation}{section.4}% 25
\BOOKMARK [3][-]{subsubsection.4.3.1}{Celery}{subsection.4.3}% 26
\BOOKMARK [3][-]{subsubsection.4.3.2}{Docker}{subsection.4.3}% 27
\BOOKMARK [3][-]{subsubsection.4.3.3}{psutil}{subsection.4.3}% 28
\BOOKMARK [3][-]{subsubsection.4.3.4}{Sandboxed Python}{subsection.4.3}% 29
\BOOKMARK [3][-]{subsubsection.4.3.5}{Virtual Machine/Vagrant}{subsection.4.3}% 30
\BOOKMARK [1][-]{section.5}{Docker}{part.2}% 31
\BOOKMARK [2][-]{subsection.5.1}{Virtual machine vs. Docker container}{section.5}% 32
\BOOKMARK [3][-]{subsubsection.5.1.1}{Virtual machine}{subsection.5.1}% 33
\BOOKMARK [3][-]{subsubsection.5.1.2}{Docker container}{subsection.5.1}% 34
\BOOKMARK [2][-]{subsection.5.2}{Dockerfile}{section.5}% 35
\BOOKMARK [0][-]{part.3}{III Implementation}{}% 36
\BOOKMARK [1][-]{section.6}{Implementation introduction}{part.3}% 37
\BOOKMARK [2][-]{subsection.6.1}{pywps-demo}{section.6}% 38
\BOOKMARK [3][-]{subsubsection.6.1.1}{pywps-demo Dockerfile}{subsection.6.1}% 39
\BOOKMARK [2][-]{subsection.6.2}{OWSLib}{section.6}% 40
\BOOKMARK [2][-]{subsection.6.3}{PyWPS}{section.6}% 41
\BOOKMARK [1][-]{section.7}{Operations overview}{part.3}% 42
\BOOKMARK [1][-]{section.8}{Execute operation}{part.3}% 43
\BOOKMARK [2][-]{subsection.8.1}{Service.execute\(\)}{section.8}% 44
\BOOKMARK [2][-]{subsection.8.2}{Process.execute\(\)}{section.8}% 45
\BOOKMARK [2][-]{subsection.8.3}{Processing module}{section.8}% 46
\BOOKMARK [1][-]{section.9}{Container class}{part.3}% 47
\BOOKMARK [2][-]{subsection.9.1}{Container class constructor}{section.9}% 48
\BOOKMARK [3][-]{subsubsection.9.1.1}{Container.\137assign\137port\(\)}{subsection.9.1}% 49
\BOOKMARK [3][-]{subsubsection.9.1.2}{docker.from\137env\(\)}{subsection.9.1}% 50
\BOOKMARK [3][-]{subsubsection.9.1.3}{Container.\137create\(\)}{subsection.9.1}% 51
\BOOKMARK [2][-]{subsection.9.2}{Container.start\(\) method}{section.9}% 52
\BOOKMARK [3][-]{subsubsection.9.2.1}{docker.container.start\(\)}{subsection.9.2}% 53
\BOOKMARK [3][-]{subsubsection.9.2.2}{Container.\137execute\(\)}{subsection.9.2}% 54
\BOOKMARK [3][-]{subsubsection.9.2.3}{Container.\137parse\137status\(\)}{subsection.9.2}% 55
\BOOKMARK [3][-]{subsubsection.9.2.4}{Container.\137dirty\137clean\(\)}{subsection.9.2}% 56
\BOOKMARK [1][-]{section*.24}{Conclusion}{part.3}% 57
\BOOKMARK [1][-]{section*.26}{List of abbreviation}{part.3}% 58
\BOOKMARK [0][-]{part.4}{IV Appendix}{}% 59
\BOOKMARK [1][-]{appendix.A}{Execute request example}{part.4}% 60
\BOOKMARK [1][-]{appendix.B}{Execute response example \(async mode\)}{part.4}% 61
\BOOKMARK [1][-]{appendix.C}{Status XML example with referenced output}{part.4}% 62
\BOOKMARK [1][-]{appendix.D}{Status XML example with inline output}{part.4}% 63
\BOOKMARK [1][-]{appendix.E}{Dockerfile}{part.4}% 64
\BOOKMARK [1][-]{appendix.F}{OWSLib diff file}{part.4}% 65
\BOOKMARK [1][-]{appendix.G}{PyWPS-demo diff file \(shortened\)}{part.4}% 66
\BOOKMARK [1][-]{appendix.H}{PyWPS diff file \(shortened\)}{part.4}% 67
\BOOKMARK [1][-]{appendix.I}{Docker extension documentation \(shortened\)}{part.4}% 68
\BOOKMARK [1][-]{appendix.J}{List of tables and figures}{part.4}% 69
\BOOKMARK [1][-]{appendix.K}{ZIP file content}{part.4}% 70
