This is pdfTeX, Version 3.14159265-2.6-1.40.16 (TeX Live 2015/Debian) (preloaded format=pdflatex 2017.9.30)  26 DEC 2017 10:39
entering extended mode
 restricted \write18 enabled.
 %&-line parsing enabled.
**tituldp.tex
(./tituldp.tex
LaTeX2e <2016/02/01>
Babel <3.9q> and hyphenation patterns for 81 language(s) loaded.

! LaTeX Error: Missing \begin{document}.

See the LaTeX manual or LaTeX Companion for explanation.
Type  H <return>  for immediate help.
 ...                                              
                                                  
l.1 \begin{center}
                  
You're in trouble here.  Try typing  <return>  to proceed.
If that doesn't work, type  X <return>  to quit.


Overfull \hbox (20.0pt too wide) in paragraph at lines 1--1
[] 
 []

! Undefined control sequence.
l.25 {\Large
            \velka{\napisCVUT}}\\
The control sequence at the end of the top line
of your error message was never \def'ed. If you have
misspelled it (e.g., `\hobx'), type `I' and the correct
spelling (e.g., `I\hbox'). Otherwise just continue,
and I'll forget about whatever was undefined.


Overfull \hbox (30.50537pt too wide) in paragraph at lines 25--25
 \OT1/cmr/m/sc/10 Czech 
 []


Overfull \hbox (27.31094pt too wide) in paragraph at lines 25--25
 \OT1/cmr/m/sc/10 tech- 
 []


Overfull \hbox (12.93326pt too wide) in paragraph at lines 25--25
 \OT1/cmr/m/sc/10 ni- 
 []


Overfull \hbox (17.17769pt too wide) in paragraph at lines 25--25
 \OT1/cmr/m/sc/10 cal 
 []


Overfull \hbox (19.06657pt too wide) in paragraph at lines 25--25
 \OT1/cmr/m/sc/10 uni- 
 []


Overfull \hbox (21.511pt too wide) in paragraph at lines 25--25
 \OT1/cmr/m/sc/10 ver- 
 []


Overfull \hbox (19.64435pt too wide) in paragraph at lines 25--25
 \OT1/cmr/m/sc/10 sity 
 []


Overfull \hbox (9.15552pt too wide) in paragraph at lines 25--25
 \OT1/cmr/m/sc/10 in 
 []


Overfull \hbox (37.472pt too wide) in paragraph at lines 25--25
 \OT1/cmr/m/sc/10 Prague 
 []

! Undefined control sequence.
<recently read> \Large 
                       
l.26 \velka{\Large\napisFS}
                           \\
The control sequence at the end of the top line
of your error message was never \def'ed. If you have
misspelled it (e.g., `\hobx'), type `I' and the correct
spelling (e.g., `I\hbox'). Otherwise just continue,
and I'll forget about whatever was undefined.


Overfull \hbox (40.42474pt too wide) in paragraph at lines 26--26
 []\OT1/cmr/m/sc/10 Faculty 
 []


Overfull \hbox (11.71107pt too wide) in paragraph at lines 26--26
 \OT1/cmr/m/sc/10 of 
 []


Overfull \hbox (25.17206pt too wide) in paragraph at lines 26--26
 \OT1/cmr/m/sc/10 Civil 
 []


Overfull \hbox (15.4888pt too wide) in paragraph at lines 26--26
 \OT1/cmr/m/sc/10 en- 
 []


Overfull \hbox (13.21101pt too wide) in paragraph at lines 26--26
 \OT1/cmr/m/sc/10 gi- 
 []


Overfull \hbox (27.08875pt too wide) in paragraph at lines 26--26
 \OT1/cmr/m/sc/10 neer- 
 []


Overfull \hbox (15.56659pt too wide) in paragraph at lines 26--26
 \OT1/cmr/m/sc/10 ing 
 []

! Undefined control sequence.
l.28 {\LARGE
            \velka{\napisDiplomka}}
The control sequence at the end of the top line
of your error message was never \def'ed. If you have
misspelled it (e.g., `\hobx'), type `I' and the correct
spelling (e.g., `I\hbox'). Otherwise just continue,
and I'll forget about whatever was undefined.


Overfull \hbox (45.21634pt too wide) in paragraph at lines 28--29
 []\OT1/cmr/m/sc/10 Master's 
 []


Overfull \hbox (21.39987pt too wide) in paragraph at lines 28--29
 \OT1/cmr/m/sc/10 the- 
 []


Overfull \hbox (12.17772pt too wide) in paragraph at lines 28--29
 \OT1/cmr/m/sc/10 sis 
 []

! Undefined control sequence.
l.30 {\large
            \napisPraha\hfill\napisAutor}
The control sequence at the end of the top line
of your error message was never \def'ed. If you have
misspelled it (e.g., `\hobx'), type `I' and the correct
spelling (e.g., `I\hbox'). Otherwise just continue,
and I'll forget about whatever was undefined.

Missing character: There is no P in font nullfont!
Missing character: There is no r in font nullfont!
Missing character: There is no a in font nullfont!
Missing character: There is no g in font nullfont!
Missing character: There is no u in font nullfont!
Missing character: There is no e in font nullfont!
Missing character: There is no 2 in font nullfont!
Missing character: There is no 0 in font nullfont!
Missing character: There is no 1 in font nullfont!
Missing character: There is no 8 in font nullfont!
Missing character: There is no B in font nullfont!
Missing character: There is no c in font nullfont!
Missing character: There is no . in font nullfont!
Missing character: There is no A in font nullfont!
Missing character: There is no d in font nullfont!
Missing character: There is no a in font nullfont!
Missing character: There is no m in font nullfont!
Missing character: There is no L in font nullfont!
Missing character: There is no a in font nullfont!
Missing character: There is no Å in font nullfont!
Missing character: There is no ¾ in font nullfont!
Missing character: There is no a in font nullfont!

! LaTeX Error: The font size command \normalsize is not defined:
               there is probably something wrong with the class file.

See the LaTeX manual or LaTeX Companion for explanation.
Type  H <return>  for immediate help.
 ...                                              
                                                  
l.31 \newpage
             
Your command was ignored.
Type  I <command> <return>  to replace it with another command,
or  <return>  to continue without it.

[1{/var/lib/texmf/fonts/map/pdftex/updmap/pdftex.map}]
! Undefined control sequence.
l.35 {\Large
            \velka{\napisCVUT}}\\
The control sequence at the end of the top line
of your error message was never \def'ed. If you have
misspelled it (e.g., `\hobx'), type `I' and the correct
spelling (e.g., `I\hbox'). Otherwise just continue,
and I'll forget about whatever was undefined.


Overfull \hbox (30.50537pt too wide) in paragraph at lines 35--35
 []\OT1/cmr/m/sc/10 Czech 
 []


Overfull \hbox (27.31094pt too wide) in paragraph at lines 35--35
 \OT1/cmr/m/sc/10 tech- 
 []


Overfull \hbox (12.93326pt too wide) in paragraph at lines 35--35
 \OT1/cmr/m/sc/10 ni- 
 []


Overfull \hbox (17.17769pt too wide) in paragraph at lines 35--35
 \OT1/cmr/m/sc/10 cal 
 []


Overfull \hbox (19.06657pt too wide) in paragraph at lines 35--35
 \OT1/cmr/m/sc/10 uni- 
 []


Overfull \hbox (21.511pt too wide) in paragraph at lines 35--35
 \OT1/cmr/m/sc/10 ver- 
 []


Overfull \hbox (19.64435pt too wide) in paragraph at lines 35--35
 \OT1/cmr/m/sc/10 sity 
 []


Overfull \hbox (9.15552pt too wide) in paragraph at lines 35--35
 \OT1/cmr/m/sc/10 in 
 []


Overfull \hbox (37.472pt too wide) in paragraph at lines 35--35
 \OT1/cmr/m/sc/10 Prague 
 []

! Undefined control sequence.
l.36 {\Large
            \velka{\napisFS}}\\
The control sequence at the end of the top line
of your error message was never \def'ed. If you have
misspelled it (e.g., `\hobx'), type `I' and the correct
spelling (e.g., `I\hbox'). Otherwise just continue,
and I'll forget about whatever was undefined.


Overfull \hbox (40.42474pt too wide) in paragraph at lines 36--36
 []\OT1/cmr/m/sc/10 Faculty 
 []


Overfull \hbox (11.71107pt too wide) in paragraph at lines 36--36
 \OT1/cmr/m/sc/10 of 
 []


Overfull \hbox (25.17206pt too wide) in paragraph at lines 36--36
 \OT1/cmr/m/sc/10 Civil 
 []


Overfull \hbox (15.4888pt too wide) in paragraph at lines 36--36
 \OT1/cmr/m/sc/10 en- 
 []


Overfull \hbox (13.21101pt too wide) in paragraph at lines 36--36
 \OT1/cmr/m/sc/10 gi- 
 []


Overfull \hbox (27.08875pt too wide) in paragraph at lines 36--36
 \OT1/cmr/m/sc/10 neer- 
 []


Overfull \hbox (15.56659pt too wide) in paragraph at lines 36--36
 \OT1/cmr/m/sc/10 ing 
 []

! Undefined control sequence.
l.37 {\Large
            \velka{\napisProgram}}\\
The control sequence at the end of the top line
of your error message was never \def'ed. If you have
misspelled it (e.g., `\hobx'), type `I' and the correct
spelling (e.g., `I\hbox'). Otherwise just continue,
and I'll forget about whatever was undefined.


Overfull \hbox (30.31094pt too wide) in paragraph at lines 37--37
 []\OT1/cmr/m/sc/10 Study 
 []


Overfull \hbox (21.51099pt too wide) in paragraph at lines 37--37
 \OT1/cmr/m/sc/10 pro- 
 []


Overfull \hbox (39.07759pt too wide) in paragraph at lines 37--37
 \OT1/cmr/m/sc/10 gramme 
 []


Overfull \hbox (42.98033pt too wide) in paragraph at lines 37--37
 \OT1/cmr/m/sc/10 Geodesy 
 []


Overfull \hbox (18.51106pt too wide) in paragraph at lines 37--37
 \OT1/cmr/m/sc/10 and 
 []


Overfull \hbox (21.84433pt too wide) in paragraph at lines 37--37
 \OT1/cmr/m/sc/10 car- 
 []


Overfull \hbox (22.45541pt too wide) in paragraph at lines 37--37
 \OT1/cmr/m/sc/10 tog- 
 []


Overfull \hbox (15.93326pt too wide) in paragraph at lines 37--37
 \OT1/cmr/m/sc/10 ra- 
 []


Overfull \hbox (18.04436pt too wide) in paragraph at lines 37--37
 \OT1/cmr/m/sc/10 phy 
 []

! Undefined control sequence.
l.38 {\Large
            \velka{\napisObor}}
The control sequence at the end of the top line
of your error message was never \def'ed. If you have
misspelled it (e.g., `\hobx'), type `I' and the correct
spelling (e.g., `I\hbox'). Otherwise just continue,
and I'll forget about whatever was undefined.


Overfull \hbox (52.80244pt too wide) in paragraph at lines 38--39
 []\OT1/cmr/m/sc/10 Geomatics 
 []

! Undefined control sequence.
l.40 \includegraphics
                     [width=3cm]{logo_cvut_cb} %~
The control sequence at the end of the top line
of your error message was never \def'ed. If you have
misspelled it (e.g., `\hobx'), type `I' and the correct
spelling (e.g., `I\hbox'). Otherwise just continue,
and I'll forget about whatever was undefined.

Missing character: There is no [ in font nullfont!
Missing character: There is no w in font nullfont!
Missing character: There is no i in font nullfont!
Missing character: There is no d in font nullfont!
Missing character: There is no t in font nullfont!
Missing character: There is no h in font nullfont!
Missing character: There is no = in font nullfont!
Missing character: There is no 3 in font nullfont!
Missing character: There is no c in font nullfont!
Missing character: There is no m in font nullfont!
Missing character: There is no ] in font nullfont!
Missing character: There is no l in font nullfont!
Missing character: There is no o in font nullfont!
Missing character: There is no g in font nullfont!
Missing character: There is no o in font nullfont!
! Missing $ inserted.
<inserted text> 
                $
l.40 \includegraphics[width=3cm]{logo_
                                      cvut_cb} %~
I've inserted a begin-math/end-math symbol since I think
you left one out. Proceed, with fingers crossed.

LaTeX Font Info:    External font `cmex10' loaded for size
(Font)              <7> on input line 40.
LaTeX Font Info:    External font `cmex10' loaded for size
(Font)              <5> on input line 40.
! Extra }, or forgotten $.
l.40 \includegraphics[width=3cm]{logo_cvut_cb}
                                               %~
I've deleted a group-closing symbol because it seems to be
spurious, as in `$x}$'. But perhaps the } is legitimate and
you forgot something else, as in `\hbox{$x}'. In such cases
the way to recover is to insert both the forgotten and the
deleted material, e.g., by typing `I$}'.

! Missing $ inserted.
<inserted text> 
                $
l.41 \vfill
           
I've inserted a begin-math/end-math symbol since I think
you left one out. Proceed, with fingers crossed.


Overfull \hbox (26.98085pt too wide) in paragraph at lines 40--41
 []$[]\OML/cmm/m/it/10 vut[]b$ 
 []

! Undefined control sequence.
l.42 {\Large
            \velka{\napisDiplomka}}\\
The control sequence at the end of the top line
of your error message was never \def'ed. If you have
misspelled it (e.g., `\hobx'), type `I' and the correct
spelling (e.g., `I\hbox'). Otherwise just continue,
and I'll forget about whatever was undefined.


Overfull \hbox (45.21634pt too wide) in paragraph at lines 42--42
 []\OT1/cmr/m/sc/10 Master's 
 []


Overfull \hbox (21.39987pt too wide) in paragraph at lines 42--42
 \OT1/cmr/m/sc/10 the- 
 []


Overfull \hbox (12.17772pt too wide) in paragraph at lines 42--42
 \OT1/cmr/m/sc/10 sis 
 []

! Undefined control sequence.
<recently read> \Large 
                       
l.43 \Large
           \velka{\napisNazevI}\\
The control sequence at the end of the top line
of your error message was never \def'ed. If you have
misspelled it (e.g., `\hobx'), type `I' and the correct
spelling (e.g., `I\hbox'). Otherwise just continue,
and I'll forget about whatever was undefined.


Overfull \hbox (40.21642pt too wide) in paragraph at lines 43--43
 []\OT1/cmr/m/sc/10 Process 
 []


Overfull \hbox (17.73323pt too wide) in paragraph at lines 43--43
 \OT1/cmr/m/sc/10 iso- 
 []


Overfull \hbox (15.04436pt too wide) in paragraph at lines 43--43
 \OT1/cmr/m/sc/10 la- 
 []


Overfull \hbox (21.42212pt too wide) in paragraph at lines 43--43
 \OT1/cmr/m/sc/10 tion 
 []


Overfull \hbox (9.15552pt too wide) in paragraph at lines 43--43
 \OT1/cmr/m/sc/10 in 
 []


Overfull \hbox (17.32764pt too wide) in paragraph at lines 43--43
 \OT1/cmr/m/sc/10 Py- 
 []


Overfull \hbox (24.58307pt too wide) in paragraph at lines 43--43
 \OT1/cmr/m/sc/10 WPS 
 []


Overfull \hbox (34.33318pt too wide) in paragraph at lines 43--43
 \OT1/cmr/m/sc/10 frame- 
 []


Overfull \hbox (26.86656pt too wide) in paragraph at lines 43--43
 \OT1/cmr/m/sc/10 work 
 []

! Undefined control sequence.
<recently read> \large 
                       
l.44 \large
           \velka{\napisNazevAjI}
The control sequence at the end of the top line
of your error message was never \def'ed. If you have
misspelled it (e.g., `\hobx'), type `I' and the correct
spelling (e.g., `I\hbox'). Otherwise just continue,
and I'll forget about whatever was undefined.

Missing character: There is no Å in font cmcsc10!
Missing character: There is no ¯ in font cmcsc10!

Overfull \hbox (37.96643pt too wide) in paragraph at lines 44--45
 []\OT1/cmr/m/sc/10 Izolace 
 []


Overfull \hbox (21.51099pt too wide) in paragraph at lines 44--45
 \OT1/cmr/m/sc/10 pro- 
 []


Overfull \hbox (16.06657pt too wide) in paragraph at lines 44--45
 \OT1/cmr/m/sc/10 ces 
 []


Overfull \hbox (11.71106pt too wide) in paragraph at lines 44--45
 \OT1/cmr/m/sc/10 ve 
 []


Overfull \hbox (34.33318pt too wide) in paragraph at lines 44--45
 \OT1/cmr/m/sc/10 frame- 
 []


Overfull \hbox (32.99988pt too wide) in paragraph at lines 44--45
 \OT1/cmr/m/sc/10 worku 
 []


Overfull \hbox (17.32764pt too wide) in paragraph at lines 44--45
 \OT1/cmr/m/sc/10 Py- 
 []


Overfull \hbox (24.58307pt too wide) in paragraph at lines 44--45
 \OT1/cmr/m/sc/10 WPS 
 []

! Undefined control sequence.
l.46 {\large
            %
The control sequence at the end of the top line
of your error message was never \def'ed. If you have
misspelled it (e.g., `\hobx'), type `I' and the correct
spelling (e.g., `I\hbox'). Otherwise just continue,
and I'll forget about whatever was undefined.

Missing character: There is no S in font nullfont!
Missing character: There is no u in font nullfont!
Missing character: There is no p in font nullfont!
Missing character: There is no e in font nullfont!
Missing character: There is no r in font nullfont!
Missing character: There is no v in font nullfont!
Missing character: There is no i in font nullfont!
Missing character: There is no s in font nullfont!
Missing character: There is no o in font nullfont!
Missing character: There is no r in font nullfont!
Missing character: There is no : in font nullfont!
Missing character: There is no I in font nullfont!
Missing character: There is no n in font nullfont!
Missing character: There is no g in font nullfont!
Missing character: There is no . in font nullfont!
Missing character: There is no M in font nullfont!
Missing character: There is no a in font nullfont!
Missing character: There is no r in font nullfont!
Missing character: There is no t in font nullfont!
Missing character: There is no i in font nullfont!
Missing character: There is no n in font nullfont!
Missing character: There is no L in font nullfont!
Missing character: There is no a in font nullfont!
Missing character: There is no n in font nullfont!
Missing character: There is no d in font nullfont!
Missing character: There is no a in font nullfont!
Missing character: There is no , in font nullfont!
Missing character: There is no P in font nullfont!
Missing character: There is no h in font nullfont!
Missing character: There is no . in font nullfont!
Missing character: There is no D in font nullfont!
Missing character: There is no . in font nullfont!
Missing character: There is no D in font nullfont!
Missing character: There is no e in font nullfont!
Missing character: There is no p in font nullfont!
Missing character: There is no a in font nullfont!
Missing character: There is no r in font nullfont!
Missing character: There is no t in font nullfont!
Missing character: There is no m in font nullfont!
Missing character: There is no e in font nullfont!
Missing character: There is no n in font nullfont!
Missing character: There is no t in font nullfont!
Missing character: There is no o in font nullfont!
Missing character: There is no f in font nullfont!
Missing character: There is no g in font nullfont!
Missing character: There is no e in font nullfont!
Missing character: There is no o in font nullfont!
Missing character: There is no m in font nullfont!
Missing character: There is no a in font nullfont!
Missing character: There is no t in font nullfont!
Missing character: There is no i in font nullfont!
Missing character: There is no c in font nullfont!
Missing character: There is no s in font nullfont!
Missing character: There is no P in font nullfont!
Missing character: There is no r in font nullfont!
Missing character: There is no a in font nullfont!
Missing character: There is no g in font nullfont!
Missing character: There is no u in font nullfont!
Missing character: There is no e in font nullfont!
Missing character: There is no 2 in font nullfont!
Missing character: There is no 0 in font nullfont!
Missing character: There is no 1 in font nullfont!
Missing character: There is no 8 in font nullfont!
Missing character: There is no B in font nullfont!
Missing character: There is no c in font nullfont!
Missing character: There is no . in font nullfont!
Missing character: There is no A in font nullfont!
Missing character: There is no d in font nullfont!
Missing character: There is no a in font nullfont!
Missing character: There is no m in font nullfont!
Missing character: There is no L in font nullfont!
Missing character: There is no a in font nullfont!
Missing character: There is no Å in font nullfont!
Missing character: There is no ¾ in font nullfont!
Missing character: There is no a in font nullfont!
! Missing } inserted.
<inserted text> 
                }
l.51 \end{center}
                 
I've inserted something that you may have forgotten.
(See the <inserted text> above.)
With luck, this will get me unwedged. But if you
really didn't forget anything, try typing `2' now; then
my insertion and my current dilemma will both disappear.

)
! Emergency stop.
<*> tituldp.tex
               
*** (job aborted, no legal \end found)

 
Here is how much of TeX's memory you used:
 30 strings out of 493029
 384 string characters out of 6136234
 55600 words of memory out of 5000000
 3663 multiletter control sequences out of 15000+600000
 3941 words of font info for 15 fonts, out of 8000000 for 9000
 1141 hyphenation exceptions out of 8191
 19i,4n,14p,94b,186s stack positions out of 5000i,500n,10000p,200000b,80000s
!  ==> Fatal error occurred, no output PDF file produced!
